<?xml version="1.0" encoding="UTF-8"?>
<testng-results skipped="0" failed="0" ignored="0" total="1" passed="1">
  <reporter-output>
  </reporter-output>
  <suite name="Default suite" duration-ms="21991" started-at="2019-03-07T10:05:13Z" finished-at="2019-03-07T10:05:35Z">
    <groups>
    </groups>
    <test name="Default test" duration-ms="21991" started-at="2019-03-07T10:05:13Z" finished-at="2019-03-07T10:05:35Z">
      <class name="mavenProject.GoogleTest">
        <test-method status="PASS" signature="LaunchAppTest()[pri:0, instance:mavenProject.GoogleTest@5419f379]" name="LaunchAppTest" is-config="true" duration-ms="21070" started-at="2019-03-07T15:35:13Z" finished-at="2019-03-07T15:35:34Z">
          <reporter-output>
          </reporter-output>
        </test-method> <!-- LaunchAppTest -->
        <test-method status="PASS" signature="LaunchTest()[pri:0, instance:mavenProject.GoogleTest@5419f379]" name="LaunchTest" duration-ms="25" started-at="2019-03-07T15:35:34Z" finished-at="2019-03-07T15:35:34Z">
          <reporter-output>
          </reporter-output>
        </test-method> <!-- LaunchTest -->
        <test-method status="PASS" signature="BrowserCloseTest()[pri:0, instance:mavenProject.GoogleTest@5419f379]" name="BrowserCloseTest" is-config="true" duration-ms="868" started-at="2019-03-07T15:35:34Z" finished-at="2019-03-07T15:35:35Z">
          <reporter-output>
          </reporter-output>
        </test-method> <!-- BrowserCloseTest -->
      </class> <!-- mavenProject.GoogleTest -->
    </test> <!-- Default test -->
  </suite> <!-- Default suite -->
</testng-results>
